<?xml version="1.0" encoding="UTF-8"?>
<!-- Generated by org.testng.reporters.JUnitReportReporter -->
<testsuite hostname="LAPTOP-KQVRB82K" failures="0" tests="2" name="jbktest.DashboardTest" time="5.949" errors="0" timestamp="2021-10-31T18:10:57 IST" skipped="0">
  <testcase classname="jbktest.DashboardTest" name="verifycourses" time="3.044"/>
  <system-out/>
  <testcase classname="jbktest.DashboardTest" name="checkimage" time="2.905"/>
  <system-out/>
</testsuite> <!-- jbktest.DashboardTest -->
