<?xml version="1.0" encoding="UTF-8"?>
<!-- Generated by org.testng.reporters.JUnitReportReporter -->
<testsuite hostname="LAPTOP-KQVRB82K" failures="0" tests="1" name="jbktest.UsefullinksTest" time="2.799" errors="0" timestamp="2021-11-10T20:06:48 IST" skipped="0">
  <testcase classname="jbktest.UsefullinksTest" name="TestcaseTitle" time="2.799"/>
  <system-out/>
</testsuite> <!-- jbktest.UsefullinksTest -->
