<?xml version="1.0" encoding="UTF-8"?>
<!-- Generated by org.testng.reporters.JUnitReportReporter -->
<testsuite hostname="LAPTOP-KQVRB82K" failures="0" tests="2" name="jbktest.DashboardTest" time="6.055" errors="0" timestamp="2021-11-10T20:06:48 IST" skipped="0">
  <testcase classname="jbktest.DashboardTest" name="verifycourses" time="2.820"/>
  <system-out/>
  <testcase classname="jbktest.DashboardTest" name="checkimage" time="3.235"/>
  <system-out/>
</testsuite> <!-- jbktest.DashboardTest -->
