<?xml version="1.0" encoding="UTF-8"?>
<!-- Generated by org.testng.reporters.JUnitReportReporter -->
<testsuite hostname="LAPTOP-KQVRB82K" failures="0" tests="1" name="jbktest.UserTest" time="3.056" errors="0" timestamp="2021-11-10T20:06:48 IST" skipped="0">
  <testcase classname="jbktest.UserTest" name="Checktitle" time="3.056"/>
  <system-out/>
</testsuite> <!-- jbktest.UserTest -->
