<?xml version="1.0" encoding="UTF-8"?>
<!-- Generated by org.testng.reporters.JUnitReportReporter -->
<testsuite hostname="LAPTOP-KQVRB82K" failures="0" tests="1" name="jbktest.UserTest" time="3.088" errors="0" timestamp="2021-10-31T18:10:57 IST" skipped="0">
  <testcase classname="jbktest.UserTest" name="Checktitle" time="3.088"/>
  <system-out/>
</testsuite> <!-- jbktest.UserTest -->
