<?xml version="1.0" encoding="UTF-8"?>
<!-- Generated by org.testng.reporters.JUnitReportReporter -->
<testsuite hostname="LAPTOP-KQVRB82K" failures="0" tests="1" name="jbktest.OperatorTest" time="2.752" errors="0" timestamp="2021-11-10T20:06:48 IST" skipped="0">
  <testcase classname="jbktest.OperatorTest" name="checkTitle" time="2.752"/>
  <system-out/>
</testsuite> <!-- jbktest.OperatorTest -->
